<?xml version="1.0" encoding="UTF-8"?>
<!-- Generated by org.testng.reporters.JUnitReportReporter -->
<testsuite hostname="LAPTOP-BNM6L86S" failures="0" tests="1" name="jen.NewTest" time="0.000" errors="0" timestamp="8 Mar 2018 08:43:14 GMT">
  <testcase classname="jen.NewTest" name="xooxoo" time="0.000"/>
</testsuite> <!-- jen.NewTest -->
